<?xml version="1.0" encoding="UTF-8"?>
<testsuite xmlns:xsi="http://www.w3.org/2001/XMLSchema-instance" xsi:noNamespaceSchemaLocation="https://maven.apache.org/surefire/maven-surefire-plugin/xsd/surefire-test-report.xsd" name="MockitoTests" time="2.63" tests="4" errors="0" skipped="0" failures="0">
  <properties>
[...]
</properties>
  <testcase name="whenUseCaptorAnnotation_thenTheSam" classname="MockitoTests" time="2.5"/>
  <testcase name="whenUseInjectMocksAnnotation_thenCorrect" classname="MockitoTests" time="0.031"/>
  <testcase name="whenUseSpyAnnotation_thenSpyIsInjectedCorrectly" classname="MockitoTests" time="0.078"/>
  <testcase name="whenUseMockAnnotation_thenMockIsInjected" classname="MockitoTests" time="0.009"/>
</testsuite>